#
# A fatal error has been detected by the Java Runtime Environment:
#
#  Internal Error (classFileParser.cpp:3494), pid=85748, tid=78576
#  Error: ShouldNotReachHere()
#
# JRE version: 6.0_45-b06
# Java VM: Java HotSpot(TM) 64-Bit Server VM (20.45-b01 mixed mode windows-amd64 compressed oops)
# If you would like to submit a bug report, please visit:
#   http://java.sun.com/webapps/bugreport/crash.jsp
#

---------------  T H R E A D  ---------------

Current thread (0x000000000026b800):  JavaThread "Unknown thread" [_thread_in_vm, id=78576, stack(0x0000000001b90000,0x0000000001c90000)]

Stack: [0x0000000001b90000,0x0000000001c90000]
[error occurred during error reporting (printing stack bounds), id 0xc0000005]


---------------  P R O C E S S  ---------------

Java Threads: ( => current thread )

Other Threads:

=>0x000000000026b800 (exited) JavaThread "Unknown thread" [_thread_in_vm, id=78576, stack(0x0000000001b90000,0x0000000001c90000)]

VM state:not at safepoint (not fully initialized)

VM Mutex/Monitor currently owned by a thread: None

Dynamic libraries:
0x0000000000400000 - 0x000000000042f000 	D:\eclipse\jre\bin\javaw.exe
0x000007f9500c0000 - 0x000007f95027d000 	C:\Windows\SYSTEM32\ntdll.dll
0x000007f94ea50000 - 0x000007f94eb86000 	C:\Windows\system32\KERNEL32.DLL
0x000007f94d110000 - 0x000007f94d203000 	C:\Windows\system32\KERNELBASE.dll
0x000007f94e970000 - 0x000007f94ea4e000 	C:\Windows\system32\ADVAPI32.dll
0x000007f94fa50000 - 0x000007f94fb9c000 	C:\Windows\system32\USER32.dll
0x000007f94ec10000 - 0x000007f94ecb5000 	C:\Windows\system32\msvcrt.dll
0x000007f94f420000 - 0x000007f94f468000 	C:\Windows\SYSTEM32\sechost.dll
0x000007f94fd20000 - 0x000007f94fe65000 	C:\Windows\system32\RPCRT4.dll
0x000007f94ecc0000 - 0x000007f94ee01000 	C:\Windows\system32\GDI32.dll
0x000007f94fe70000 - 0x000007f94fea9000 	C:\Windows\system32\IMM32.DLL
0x000007f94fba0000 - 0x000007f94fcb5000 	C:\Windows\system32\MSCTF.dll
0x000007f94cf00000 - 0x000007f94cf2f000 	C:\Windows\system32\nvinitx.dll
0x000000006d830000 - 0x000000006dfec000 	D:\eclipse\jre\bin\server\jvm.dll
0x000007f94a250000 - 0x000007f94a270000 	C:\Windows\SYSTEM32\WINMM.dll
0x000007f94a080000 - 0x000007f94a0b2000 	C:\Windows\SYSTEM32\WINMMBASE.dll
0x000000006d7a0000 - 0x000000006d7ae000 	D:\eclipse\jre\bin\verify.dll
0x000000006d3c0000 - 0x000000006d3e7000 	D:\eclipse\jre\bin\java.dll
0x000000006d7f0000 - 0x000000006d802000 	D:\eclipse\jre\bin\zip.dll
0x000007f94feb0000 - 0x000007f94feb7000 	C:\Windows\system32\PSAPI.DLL

VM Arguments:
jvm_args: -Dfile.encoding=UTF-8 -Xbootclasspath:D:\Java\android-sdk-windows\platforms\android-19\android.jar 
java_command: util.Encrype
Launcher Type: SUN_STANDARD

Environment Variables:
JAVA_HOME=D:\Program Files\Java\jdk1.8.0_45
CLASSPATH=.;D:\Program Files\Java\jdk1.8.0_45\lib\dt.jar;D:\Program Files\Java\jdk1.8.0_45\lib\tools.jar;
PATH=D:/eclipse/jre/bin/server;D:/eclipse/jre/bin;D:/eclipse/jre/lib/amd64;C:\ProgramData\Oracle\Java\javapath;C:\Windows\system32;C:\Windows;C:\Windows\System32\Wbem;C:\Windows\System32\WindowsPowerShell\v1.0\;D:\CodeBlocks\MinGW\bin;D:\Program Files\Java\jdk1.8.0_45\bin;D:\Program Files\Java\jdk1.8.0_45\jre\bin;D:\xampp\tomcat\lib;D:\xampp\tomcat\bin;D:\SVN\bin;D:\xampp\php;C:\Users\qsq\AppData\Roaming\Composer\vendor\bin;.;;D:\eclipse;;.;
USERNAME=qsq
OS=Windows_NT
PROCESSOR_IDENTIFIER=Intel64 Family 6 Model 58 Stepping 9, GenuineIntel



---------------  S Y S T E M  ---------------

OS: Windows 8 , 64 bit Build 9200 

CPU:total 4 (2 cores per cpu, 2 threads per core) family 6 model 58 stepping 9, cmov, cx8, fxsr, mmx, sse, sse2, sse3, ssse3, sse4.1, sse4.2, popcnt, ht

Memory: 4k page, physical 4028776k(429940k free), swap 8092008k(3607640k free)

vm_info: Java HotSpot(TM) 64-Bit Server VM (20.45-b01) for windows-amd64 JRE (1.6.0_45-b06), built on Apr  1 2013 12:31:37 by "java_re" with MS VC++ 8.0 (VS2005)

time: Thu Jun 04 18:32:25 2015
elapsed time: 0 seconds

